\BOOKMARK [0][]{Contents.0}{\376\377\000T\000a\000b\000l\000e\000\040\000o\000f\000\040\000c\000o\000n\000t\000e\000n\000t\000s}{}% 1
\BOOKMARK [0][]{chapter*.5}{\376\377\000L\000i\000s\000t\000\040\000o\000f\000\040\000f\000i\000g\000u\000r\000e\000s}{}% 2
\BOOKMARK [0][]{chapter*.6}{\376\377\000L\000i\000s\000t\000\040\000o\000f\000\040\000t\000a\000b\000l\000e\000s}{}% 3
\BOOKMARK [0][]{chapter.1}{\376\377\0001\000\040\000I\000n\000t\000r\000o\000d\000u\000c\000t\000i\000o\000n}{}% 4
\BOOKMARK [1][]{section.1.1}{\376\377\0001\000.\0001\000\040\000G\000r\000a\000d\000i\000e\000n\000t\000s\000\040\000o\000f\000\040\000C\000o\000m\000p\000l\000e\000x\000\040\000A\000c\000t\000i\000v\000a\000t\000i\000o\000n\000s}{chapter.1}% 5
\BOOKMARK [2][]{subsection.1.1.1}{\376\377\0001\000.\0001\000.\0001\000\040\000C\000a\000u\000c\000h\000y\000-\000R\000i\000e\000m\000a\000n\000n\000\040\000E\000q\000u\000a\000t\000i\000o\000n\000s}{section.1.1}% 6
\BOOKMARK [2][]{subsection.1.1.2}{\376\377\0001\000.\0001\000.\0002\000\040\000C\000o\000m\000p\000l\000e\000x\000\040\000M\000a\000g\000n\000t\000i\000t\000u\000d\000e}{section.1.1}% 7
\BOOKMARK [0][]{chapter.2}{\376\377\0002\000\040\000I\000m\000a\000g\000e\000\040\000R\000e\000c\000o\000g\000n\000i\000t\000i\000o\000n\000\040\000R\000e\000v\000i\000e\000w}{}% 8
\BOOKMARK [1][]{section.2.1}{\376\377\0002\000.\0001\000\040\000N\000o\000t\000a\000t\000i\000o\000n}{chapter.2}% 9
\BOOKMARK [1][]{section.2.2}{\376\377\0002\000.\0002\000\040\000D\000a\000t\000a\000s\000e\000t\000s}{chapter.2}% 10
\BOOKMARK [1][]{section.2.3}{\376\377\0002\000.\0003\000\040\000S\000p\000a\000r\000s\000e\000\040\000D\000i\000c\000t\000i\000o\000n\000a\000r\000y\000\040\000L\000e\000a\000r\000n\000i\000n\000g}{chapter.2}% 11
\BOOKMARK [1][]{section.2.4}{\376\377\0002\000.\0004\000\040\000S\000I\000F\000T\000\040\000D\000e\000t\000e\000c\000t\000o\000r\000s}{chapter.2}% 12
\BOOKMARK [1][]{section.2.5}{\376\377\0002\000.\0005\000\040\000C\000o\000n\000v\000o\000l\000u\000t\000i\000o\000n\000a\000l\000\040\000N\000e\000u\000r\000a\000l\000\040\000N\000e\000t\000w\000o\000r\000k\000s}{chapter.2}% 13
\BOOKMARK [2][]{subsection.2.5.1}{\376\377\0002\000.\0005\000.\0001\000\040\000I\000n\000p\000u\000t\000\040\000L\000a\000y\000e\000r}{section.2.5}% 14
\BOOKMARK [2][]{subsection.2.5.2}{\376\377\0002\000.\0005\000.\0002\000\040\000C\000o\000n\000v\000o\000l\000u\000t\000i\000o\000n\000a\000l\000\040\000L\000a\000y\000e\000r\000s}{section.2.5}% 15
\BOOKMARK [2][]{subsection.2.5.3}{\376\377\0002\000.\0005\000.\0003\000\040\000P\000o\000o\000l\000i\000n\000g\000\040\000L\000a\000y\000e\000r\000s}{section.2.5}% 16
\BOOKMARK [2][]{subsection.2.5.4}{\376\377\0002\000.\0005\000.\0004\000\040\000A\000c\000t\000i\000v\000a\000t\000i\000o\000n\000\040\000F\000u\000n\000c\000t\000i\000o\000n\000s}{section.2.5}% 17
\BOOKMARK [2][]{subsection.2.5.5}{\376\377\0002\000.\0005\000.\0005\000\040\000F\000u\000l\000l\000y\000\040\000C\000o\000n\000n\000e\000c\000t\000e\000d\000\040\000L\000a\000y\000e\000r\000s}{section.2.5}% 18
\BOOKMARK [2][]{subsection.2.5.6}{\376\377\0002\000.\0005\000.\0006\000\040\000L\000o\000s\000s\000\040\000F\000u\000n\000c\000t\000i\000o\000n}{section.2.5}% 19
\BOOKMARK [2][]{subsection.2.5.7}{\376\377\0002\000.\0005\000.\0007\000\040\000G\000r\000a\000d\000i\000e\000n\000t\000\040\000d\000e\000s\000c\000e\000n\000t\000\040\000v\000s\000\040\000S\000t\000o\000c\000h\000a\000s\000t\000i\000c\000\040\000G\000r\000a\000d\000i\000e\000n\000t\000\040\000D\000e\000s\000c\000e\000n\000t\000\040\000v\000s\000\040\000M\000i\000n\000i\000-\000B\000a\000t\000c\000h\000e\000s}{section.2.5}% 20
\BOOKMARK [2][]{subsection.2.5.8}{\376\377\0002\000.\0005\000.\0008\000\040\000B\000a\000c\000k\000p\000r\000o\000p\000a\000g\000a\000t\000i\000o\000n\000\040\000a\000n\000d\000\040\000t\000h\000e\000\040\000C\000h\000a\000i\000n\000\040\000R\000u\000l\000e}{section.2.5}% 21
\BOOKMARK [2][]{subsection.2.5.9}{\376\377\0002\000.\0005\000.\0009\000\040\000N\000o\000r\000m\000a\000l\000i\000z\000a\000t\000i\000o\000n}{section.2.5}% 22
\BOOKMARK [2][]{subsection.2.5.10}{\376\377\0002\000.\0005\000.\0001\0000\000\040\000O\000t\000h\000e\000r\000\040\000L\000a\000y\000e\000r\000s\000\040\000a\000n\000d\000\040\000T\000r\000e\000n\000d\000s}{section.2.5}% 23
\BOOKMARK [1][]{section.2.6}{\376\377\0002\000.\0006\000\040\000V\000i\000s\000u\000a\000l\000i\000z\000a\000t\000i\000o\000n\000\040\000S\000c\000h\000e\000m\000e\000s}{chapter.2}% 24
\BOOKMARK [0][]{chapter.3}{\376\377\0003\000\040\000F\000r\000o\000n\000t\000\040\000E\000n\000d\000s}{}% 25
\BOOKMARK [1][]{section.3.1}{\376\377\0003\000.\0001\000\040\000F\000a\000s\000t\000\040\000G\000P\000U\000\040\000I\000m\000p\000l\000e\000m\000e\000n\000t\000a\000t\000i\000o\000n}{chapter.3}% 26
\BOOKMARK [1][]{section.3.2}{\376\377\0003\000.\0002\000\040\000S\000o\000m\000e\000t\000h\000i\000n\000g}{chapter.3}% 27
\BOOKMARK [1][]{section.3.3}{\376\377\0003\000.\0003\000\040\000R\000e\000l\000u\000\040\000P\000r\000o\000p\000e\000r\000t\000i\000e\000s}{chapter.3}% 28
\BOOKMARK [1][]{section.3.4}{\376\377\0003\000.\0004\000\040\000A\000c\000t\000i\000v\000a\000t\000i\000o\000n\000\040\000S\000t\000a\000t\000i\000s\000t\000i\000c\000s}{chapter.3}% 29
\BOOKMARK [0][]{chapter.4}{\376\377\0004\000\040\000C\000o\000n\000c\000l\000u\000s\000i\000o\000n}{}% 30
\BOOKMARK [1][]{section.4.1}{\376\377\0004\000.\0001\000\040\000D\000i\000s\000c\000u\000s\000s\000i\000o\000n\000\040\000o\000f\000\040\000A\000t\000t\000e\000m\000p\000t\000s\000\040\000s\000o\000\040\000F\000a\000r}{chapter.4}% 31
\BOOKMARK [2][]{subsection.4.1.1}{\376\377\0004\000.\0001\000.\0001\000\040\000M\000u\000l\000t\000i\000s\000c\000a\000l\000e\000\040\000S\000c\000a\000t\000t\000e\000r\000n\000e\000t\000s\000\040\000+\000\040\000S\000V\000M}{section.4.1}% 32
\BOOKMARK [2][]{subsection.4.1.2}{\376\377\0004\000.\0001\000.\0002\000\040\000R\000e\000d\000u\000c\000e\000d\000\040\000M\000u\000l\000t\000i\000s\000c\000a\000l\000e\000\040\000S\000c\000a\000t\000t\000e\000r\000n\000e\000t\000s\000\040\000a\000n\000d\000\040\000C\000N\000N\000s}{section.4.1}% 33
\BOOKMARK [2][]{subsection.4.1.3}{\376\377\0004\000.\0001\000.\0003\000\040\000I\000m\000p\000r\000o\000v\000e\000d\000\040\000A\000n\000a\000l\000y\000s\000i\000s\000\040\000M\000e\000t\000h\000o\000d\000s}{section.4.1}% 34
\BOOKMARK [1][]{section.4.2}{\376\377\0004\000.\0002\000\040\000F\000u\000t\000u\000r\000e\000\040\000W\000o\000r\000k}{chapter.4}% 35
\BOOKMARK [2][]{subsection.4.2.1}{\376\377\0004\000.\0002\000.\0001\000\040\000C\000l\000o\000s\000i\000n\000g\000\040\000t\000h\000e\000\040\000G\000a\000p}{section.4.2}% 36
\BOOKMARK [2][]{subsection.4.2.2}{\376\377\0004\000.\0002\000.\0002\000\040\000M\000o\000v\000i\000n\000g\000\040\000t\000o\000\040\000a\000\040\000n\000e\000w\000\040\000D\000a\000t\000a\000s\000e\000t}{section.4.2}% 37
\BOOKMARK [2][]{subsection.4.2.3}{\376\377\0004\000.\0002\000.\0003\000\040\000I\000m\000p\000r\000o\000v\000e\000d\000\040\000V\000i\000s\000u\000a\000l\000i\000z\000a\000t\000i\000o\000n\000s}{section.4.2}% 38
\BOOKMARK [2][]{subsection.4.2.4}{\376\377\0004\000.\0002\000.\0004\000\040\000G\000o\000i\000n\000g\000\040\000D\000e\000e\000p\000e\000r}{section.4.2}% 39
\BOOKMARK [2][]{subsection.4.2.5}{\376\377\0004\000.\0002\000.\0005\000\040\000R\000e\000s\000i\000u\000d\000a\000l\000\040\000S\000c\000a\000t\000t\000e\000r\000i\000n\000g\000\040\000L\000a\000y\000e\000r\000s}{section.4.2}% 40
\BOOKMARK [2][]{subsection.4.2.6}{\376\377\0004\000.\0002\000.\0006\000\040\000E\000x\000p\000l\000o\000r\000i\000n\000g\000\040\000t\000h\000e\000\040\000S\000c\000o\000p\000e\000\040\000o\000f\000\040\000S\000c\000a\000t\000t\000e\000r\000n\000e\000t\000s}{section.4.2}% 41
\BOOKMARK [2][]{subsection.4.2.7}{\376\377\0004\000.\0002\000.\0007\000\040\000A\000n\000a\000l\000y\000s\000i\000n\000g\000\040\000N\000e\000w\000e\000r\000\040\000C\000N\000N\000\040\000L\000a\000y\000e\000r\000s}{section.4.2}% 42
\BOOKMARK [2][]{subsection.4.2.8}{\376\377\0004\000.\0002\000.\0008\000\040\000R\000e\000v\000i\000s\000i\000t\000i\000n\000g\000\040\000G\000r\000e\000e\000d\000y\000\040\000L\000a\000y\000e\000r\000-\000W\000i\000s\000e\000\040\000T\000r\000a\000i\000n\000i\000n\000g}{section.4.2}% 43
\BOOKMARK [1][]{section.4.3}{\376\377\0004\000.\0003\000\040\000T\000i\000m\000e\000l\000i\000n\000e}{chapter.4}% 44
\BOOKMARK [0][]{chapter*.35}{\376\377\000B\000i\000b\000l\000i\000o\000g\000r\000a\000p\000h\000y}{}% 45
